<?xml version="1.0" encoding="UTF-8"?>
<testsuite time='0.000909' skipped='0' failures='0' errors='0' name="GanttParserTest" assertions='12' tests='4'>
  <testcase time='0.000066' file="test/parsers/gantt_parser_test.rb" name="test_parsing_with_number_format" assertions='2'>
  </testcase>
  <testcase time='0.000207' file="test/parsers/gantt_parser_test.rb" name="test_parsing_gantt_chart" assertions='4'>
  </testcase>
  <testcase time='0.000588' file="test/parsers/gantt_parser_test.rb" name="test_parsing_with_date_format" assertions='2'>
  </testcase>
  <testcase time='0.000048' file="test/parsers/gantt_parser_test.rb" name="test_parsing_gantt_chart_when_rows_start_with_title" assertions='4'>
  </testcase>
</testsuite>
